<?xml version="1.0" encoding="UTF-8"?>
<!-- Generated by org.testng.reporters.JUnitReportReporter -->
<testsuite skipped="0" hostname="LAPTOP-N64D0G7J" name="com.crm.qa.testcases.WikipediaTest" tests="1" failures="0" timestamp="24 Feb 2019 11:12:44 GMT" time="24.436" errors="0">
  <testcase name="dropdownTest" time="24.436" classname="com.crm.qa.testcases.WikipediaTest"/>
</testsuite> <!-- com.crm.qa.testcases.WikipediaTest -->
