<?xml version="1.0" encoding="UTF-8"?>
<!-- Generated by org.testng.reporters.JUnitReportReporter -->
<testsuite skipped="0" hostname="LAPTOP-N64D0G7J" name="com.crm.qa.testcases.TestClass" tests="9" failures="0" timestamp="20 Feb 2019 18:18:14 GMT" time="0.041" errors="0">
  <testcase name="test2" time="0.017" classname="com.crm.qa.testcases.TestClass"/>
  <testcase name="test8" time="0.005" classname="com.crm.qa.testcases.TestClass"/>
  <testcase name="test9" time="0.003" classname="com.crm.qa.testcases.TestClass"/>
  <testcase name="test4" time="0.004" classname="com.crm.qa.testcases.TestClass"/>
  <testcase name="test6" time="0.003" classname="com.crm.qa.testcases.TestClass"/>
  <testcase name="test5" time="0.002" classname="com.crm.qa.testcases.TestClass"/>
  <testcase name="atest7" time="0.004" classname="com.crm.qa.testcases.TestClass"/>
  <testcase name="test1" time="0.002" classname="com.crm.qa.testcases.TestClass"/>
  <testcase name="test3" time="0.001" classname="com.crm.qa.testcases.TestClass"/>
</testsuite> <!-- com.crm.qa.testcases.TestClass -->
