<?xml version="1.0" encoding="UTF-8"?>
<!-- Generated by org.testng.reporters.JUnitReportReporter -->
<testsuite skipped="0" hostname="LAPTOP-N64D0G7J" name="com.crm.qa.testcases.Test1Class" tests="4" failures="0" timestamp="01 Feb 2019 20:29:00 GMT" time="0.027" errors="0">
  <testcase name="test3" time="0.005" classname="com.crm.qa.testcases.Test1Class"/>
  <testcase name="test2" time="0.008" classname="com.crm.qa.testcases.Test1Class"/>
  <testcase name="test1" time="0.006" classname="com.crm.qa.testcases.Test1Class"/>
  <testcase name="test4" time="0.008" classname="com.crm.qa.testcases.Test1Class"/>
</testsuite> <!-- com.crm.qa.testcases.Test1Class -->
