<?xml version="1.0" encoding="UTF-8"?>
<!-- Generated by org.testng.reporters.JUnitReportReporter -->
<testsuite skipped="0" hostname="LAPTOP-N64D0G7J" name="com.crm.qa.testcases.DisableImagesTest" tests="1" failures="0" timestamp="03 Mar 2019 06:40:12 GMT" time="20.505" errors="0">
  <testcase name="loginPageTitleTest" time="20.505" classname="com.crm.qa.testcases.DisableImagesTest"/>
</testsuite> <!-- com.crm.qa.testcases.DisableImagesTest -->
